2017-11-20 16:19:26.610 [main] INFO  com.mars.BootWebApplication - Starting BootWebApplication on mars-work.local with PID 4403 (/Users/mars/Documents/workspace/multi-spring-boot/boot-web/target/classes started by mars in /Users/mars/Documents/workspace/multi-spring-boot)
2017-11-20 16:19:26.614 [main] INFO  com.mars.BootWebApplication - No active profile set, falling back to default profiles: default
2017-11-20 16:19:26.684 [main] INFO  o.s.b.c.e.AnnotationConfigEmbeddedWebApplicationContext - Refreshing org.springframework.boot.context.embedded.AnnotationConfigEmbeddedWebApplicationContext@47eaca72: startup date [Mon Nov 20 16:19:26 CST 2017]; root of context hierarchy
2017-11-20 16:19:26.866 [background-preinit] INFO  org.hibernate.validator.internal.util.Version - HV000001: Hibernate Validator 5.3.5.Final
2017-11-20 16:19:28.261 [main] INFO  o.s.b.c.e.tomcat.TomcatEmbeddedServletContainer - Tomcat initialized with port(s): 8080 (http)
2017-11-20 16:19:28.271 [main] INFO  org.apache.catalina.core.StandardService - Starting service [Tomcat]
2017-11-20 16:19:28.272 [main] INFO  org.apache.catalina.core.StandardEngine - Starting Servlet Engine: Apache Tomcat/8.5.23
2017-11-20 16:19:28.347 [localhost-startStop-1] INFO  o.a.c.core.ContainerBase.[Tomcat].[localhost].[/] - Initializing Spring embedded WebApplicationContext
2017-11-20 16:19:28.347 [localhost-startStop-1] INFO  org.springframework.web.context.ContextLoader - Root WebApplicationContext: initialization completed in 1663 ms
2017-11-20 16:19:28.484 [localhost-startStop-1] INFO  o.s.boot.web.servlet.ServletRegistrationBean - Mapping servlet: 'dispatcherServlet' to [/]
2017-11-20 16:19:28.505 [localhost-startStop-1] INFO  o.s.boot.web.servlet.FilterRegistrationBean - Mapping filter: 'characterEncodingFilter' to: [/*]
2017-11-20 16:19:28.506 [localhost-startStop-1] INFO  o.s.boot.web.servlet.FilterRegistrationBean - Mapping filter: 'hiddenHttpMethodFilter' to: [/*]
2017-11-20 16:19:28.506 [localhost-startStop-1] INFO  o.s.boot.web.servlet.FilterRegistrationBean - Mapping filter: 'httpPutFormContentFilter' to: [/*]
2017-11-20 16:19:28.506 [localhost-startStop-1] INFO  o.s.boot.web.servlet.FilterRegistrationBean - Mapping filter: 'requestContextFilter' to: [/*]
2017-11-20 16:19:29.063 [main] INFO  o.s.w.s.m.m.a.RequestMappingHandlerAdapter - Looking for @ControllerAdvice: org.springframework.boot.context.embedded.AnnotationConfigEmbeddedWebApplicationContext@47eaca72: startup date [Mon Nov 20 16:19:26 CST 2017]; root of context hierarchy
2017-11-20 16:19:29.119 [main] INFO  o.s.w.s.m.m.a.RequestMappingHandlerMapping - Mapped "{[/hello/say],methods=[GET]}" onto public java.lang.String com.mars.controller.HelloController.say(javax.servlet.http.HttpServletRequest) throws java.io.IOException
2017-11-20 16:19:29.120 [main] INFO  o.s.w.s.m.m.a.RequestMappingHandlerMapping - Mapped "{[/api/user],methods=[GET]}" onto public com.mars.model.User com.mars.controller.UserRestController.findByName(java.lang.String)
2017-11-20 16:19:29.122 [main] INFO  o.s.w.s.m.m.a.RequestMappingHandlerMapping - Mapped "{[/error]}" onto public org.springframework.http.ResponseEntity<java.util.Map<java.lang.String, java.lang.Object>> org.springframework.boot.autoconfigure.web.BasicErrorController.error(javax.servlet.http.HttpServletRequest)
2017-11-20 16:19:29.123 [main] INFO  o.s.w.s.m.m.a.RequestMappingHandlerMapping - Mapped "{[/error],produces=[text/html]}" onto public org.springframework.web.servlet.ModelAndView org.springframework.boot.autoconfigure.web.BasicErrorController.errorHtml(javax.servlet.http.HttpServletRequest,javax.servlet.http.HttpServletResponse)
2017-11-20 16:19:29.147 [main] INFO  o.s.web.servlet.handler.SimpleUrlHandlerMapping - Mapped URL path [/webjars/**] onto handler of type [class org.springframework.web.servlet.resource.ResourceHttpRequestHandler]
2017-11-20 16:19:29.147 [main] INFO  o.s.web.servlet.handler.SimpleUrlHandlerMapping - Mapped URL path [/**] onto handler of type [class org.springframework.web.servlet.resource.ResourceHttpRequestHandler]
2017-11-20 16:19:29.179 [main] INFO  o.s.web.servlet.handler.SimpleUrlHandlerMapping - Mapped URL path [/**/favicon.ico] onto handler of type [class org.springframework.web.servlet.resource.ResourceHttpRequestHandler]
2017-11-20 16:19:29.492 [main] INFO  o.s.jmx.export.annotation.AnnotationMBeanExporter - Registering beans for JMX exposure on startup
2017-11-20 16:19:29.495 [main] INFO  o.s.jmx.export.annotation.AnnotationMBeanExporter - Bean with name 'clusterDataSource' has been autodetected for JMX exposure
2017-11-20 16:19:29.495 [main] INFO  o.s.jmx.export.annotation.AnnotationMBeanExporter - Bean with name 'masterDataSource' has been autodetected for JMX exposure
2017-11-20 16:19:29.502 [main] INFO  o.s.jmx.export.annotation.AnnotationMBeanExporter - Located MBean 'masterDataSource': registering with JMX server as MBean [com.alibaba.druid.pool:name=masterDataSource,type=DruidDataSource]
2017-11-20 16:19:29.505 [main] INFO  o.s.jmx.export.annotation.AnnotationMBeanExporter - Located MBean 'clusterDataSource': registering with JMX server as MBean [com.alibaba.druid.pool:name=clusterDataSource,type=DruidDataSource]
2017-11-20 16:19:29.516 [main] INFO  org.apache.coyote.http11.Http11NioProtocol - Initializing ProtocolHandler ["http-nio-8080"]
2017-11-20 16:19:29.524 [main] INFO  org.apache.coyote.http11.Http11NioProtocol - Starting ProtocolHandler ["http-nio-8080"]
2017-11-20 16:19:29.544 [main] INFO  org.apache.tomcat.util.net.NioSelectorPool - Using a shared selector for servlet write/read
2017-11-20 16:19:29.558 [main] INFO  o.s.b.c.e.tomcat.TomcatEmbeddedServletContainer - Tomcat started on port(s): 8080 (http)
2017-11-20 16:19:29.562 [main] INFO  com.mars.BootWebApplication - Started BootWebApplication in 3.732 seconds (JVM running for 4.734)
2017-11-20 16:20:56.324 [Thread-13] INFO  o.s.b.c.e.AnnotationConfigEmbeddedWebApplicationContext - Closing org.springframework.boot.context.embedded.AnnotationConfigEmbeddedWebApplicationContext@47eaca72: startup date [Mon Nov 20 16:19:26 CST 2017]; root of context hierarchy
2017-11-20 16:20:56.326 [Thread-13] INFO  o.s.jmx.export.annotation.AnnotationMBeanExporter - Unregistering JMX-exposed beans on shutdown
2017-11-20 16:20:56.326 [Thread-13] INFO  o.s.jmx.export.annotation.AnnotationMBeanExporter - Unregistering JMX-exposed beans
2017-11-20 16:21:11.871 [main] INFO  com.mars.BootWebApplication - Starting BootWebApplication on mars-work.local with PID 4412 (/Users/mars/Documents/workspace/multi-spring-boot/boot-web/target/classes started by mars in /Users/mars/Documents/workspace/multi-spring-boot)
2017-11-20 16:21:11.880 [main] INFO  com.mars.BootWebApplication - No active profile set, falling back to default profiles: default
2017-11-20 16:21:11.991 [main] INFO  o.s.b.c.e.AnnotationConfigEmbeddedWebApplicationContext - Refreshing org.springframework.boot.context.embedded.AnnotationConfigEmbeddedWebApplicationContext@47eaca72: startup date [Mon Nov 20 16:21:11 CST 2017]; root of context hierarchy
2017-11-20 16:21:12.164 [background-preinit] INFO  org.hibernate.validator.internal.util.Version - HV000001: Hibernate Validator 5.3.5.Final
2017-11-20 16:21:13.563 [main] INFO  o.s.b.c.e.tomcat.TomcatEmbeddedServletContainer - Tomcat initialized with port(s): 8080 (http)
2017-11-20 16:21:13.575 [main] INFO  org.apache.catalina.core.StandardService - Starting service [Tomcat]
2017-11-20 16:21:13.576 [main] INFO  org.apache.catalina.core.StandardEngine - Starting Servlet Engine: Apache Tomcat/8.5.23
2017-11-20 16:21:13.646 [localhost-startStop-1] INFO  o.a.c.core.ContainerBase.[Tomcat].[localhost].[/] - Initializing Spring embedded WebApplicationContext
2017-11-20 16:21:13.646 [localhost-startStop-1] INFO  org.springframework.web.context.ContextLoader - Root WebApplicationContext: initialization completed in 1655 ms
2017-11-20 16:21:13.796 [localhost-startStop-1] INFO  o.s.boot.web.servlet.ServletRegistrationBean - Mapping servlet: 'dispatcherServlet' to [/]
2017-11-20 16:21:13.800 [localhost-startStop-1] INFO  o.s.boot.web.servlet.FilterRegistrationBean - Mapping filter: 'characterEncodingFilter' to: [/*]
2017-11-20 16:21:13.801 [localhost-startStop-1] INFO  o.s.boot.web.servlet.FilterRegistrationBean - Mapping filter: 'hiddenHttpMethodFilter' to: [/*]
2017-11-20 16:21:13.801 [localhost-startStop-1] INFO  o.s.boot.web.servlet.FilterRegistrationBean - Mapping filter: 'httpPutFormContentFilter' to: [/*]
2017-11-20 16:21:13.801 [localhost-startStop-1] INFO  o.s.boot.web.servlet.FilterRegistrationBean - Mapping filter: 'requestContextFilter' to: [/*]
2017-11-20 16:21:14.313 [main] INFO  o.s.w.s.m.m.a.RequestMappingHandlerAdapter - Looking for @ControllerAdvice: org.springframework.boot.context.embedded.AnnotationConfigEmbeddedWebApplicationContext@47eaca72: startup date [Mon Nov 20 16:21:11 CST 2017]; root of context hierarchy
2017-11-20 16:21:14.361 [main] INFO  o.s.w.s.m.m.a.RequestMappingHandlerMapping - Mapped "{[/hello/say],methods=[GET]}" onto public java.lang.String com.mars.controller.HelloController.say(javax.servlet.http.HttpServletRequest) throws java.io.IOException
2017-11-20 16:21:14.362 [main] INFO  o.s.w.s.m.m.a.RequestMappingHandlerMapping - Mapped "{[/api/user],methods=[GET]}" onto public com.mars.model.User com.mars.controller.UserRestController.findByName(java.lang.String)
2017-11-20 16:21:14.364 [main] INFO  o.s.w.s.m.m.a.RequestMappingHandlerMapping - Mapped "{[/error]}" onto public org.springframework.http.ResponseEntity<java.util.Map<java.lang.String, java.lang.Object>> org.springframework.boot.autoconfigure.web.BasicErrorController.error(javax.servlet.http.HttpServletRequest)
2017-11-20 16:21:14.365 [main] INFO  o.s.w.s.m.m.a.RequestMappingHandlerMapping - Mapped "{[/error],produces=[text/html]}" onto public org.springframework.web.servlet.ModelAndView org.springframework.boot.autoconfigure.web.BasicErrorController.errorHtml(javax.servlet.http.HttpServletRequest,javax.servlet.http.HttpServletResponse)
2017-11-20 16:21:14.391 [main] INFO  o.s.web.servlet.handler.SimpleUrlHandlerMapping - Mapped URL path [/webjars/**] onto handler of type [class org.springframework.web.servlet.resource.ResourceHttpRequestHandler]
2017-11-20 16:21:14.391 [main] INFO  o.s.web.servlet.handler.SimpleUrlHandlerMapping - Mapped URL path [/**] onto handler of type [class org.springframework.web.servlet.resource.ResourceHttpRequestHandler]
2017-11-20 16:21:14.421 [main] INFO  o.s.web.servlet.handler.SimpleUrlHandlerMapping - Mapped URL path [/**/favicon.ico] onto handler of type [class org.springframework.web.servlet.resource.ResourceHttpRequestHandler]
2017-11-20 16:21:14.722 [main] INFO  o.s.jmx.export.annotation.AnnotationMBeanExporter - Registering beans for JMX exposure on startup
2017-11-20 16:21:14.723 [main] INFO  o.s.jmx.export.annotation.AnnotationMBeanExporter - Bean with name 'clusterDataSource' has been autodetected for JMX exposure
2017-11-20 16:21:14.724 [main] INFO  o.s.jmx.export.annotation.AnnotationMBeanExporter - Bean with name 'masterDataSource' has been autodetected for JMX exposure
2017-11-20 16:21:14.731 [main] INFO  o.s.jmx.export.annotation.AnnotationMBeanExporter - Located MBean 'masterDataSource': registering with JMX server as MBean [com.alibaba.druid.pool:name=masterDataSource,type=DruidDataSource]
2017-11-20 16:21:14.733 [main] INFO  o.s.jmx.export.annotation.AnnotationMBeanExporter - Located MBean 'clusterDataSource': registering with JMX server as MBean [com.alibaba.druid.pool:name=clusterDataSource,type=DruidDataSource]
2017-11-20 16:21:14.744 [main] INFO  org.apache.coyote.http11.Http11NioProtocol - Initializing ProtocolHandler ["http-nio-8080"]
2017-11-20 16:21:14.752 [main] INFO  org.apache.coyote.http11.Http11NioProtocol - Starting ProtocolHandler ["http-nio-8080"]
2017-11-20 16:21:14.770 [main] INFO  org.apache.tomcat.util.net.NioSelectorPool - Using a shared selector for servlet write/read
2017-11-20 16:21:14.784 [main] INFO  o.s.b.c.e.tomcat.TomcatEmbeddedServletContainer - Tomcat started on port(s): 8080 (http)
2017-11-20 16:21:14.788 [main] INFO  com.mars.BootWebApplication - Started BootWebApplication in 3.352 seconds (JVM running for 4.056)
2017-11-20 16:21:18.835 [http-nio-8080-exec-1] INFO  o.a.c.core.ContainerBase.[Tomcat].[localhost].[/] - Initializing Spring FrameworkServlet 'dispatcherServlet'
2017-11-20 16:21:18.835 [http-nio-8080-exec-1] INFO  org.springframework.web.servlet.DispatcherServlet - FrameworkServlet 'dispatcherServlet': initialization started
2017-11-20 16:21:18.851 [http-nio-8080-exec-1] INFO  org.springframework.web.servlet.DispatcherServlet - FrameworkServlet 'dispatcherServlet': initialization completed in 16 ms
2017-11-20 16:21:18.870 [http-nio-8080-exec-1] INFO  com.mars.controller.HelloController - com.mars.model.Girl@1ba127ac
2017-11-20 16:22:56.522 [Thread-12] INFO  o.s.b.c.e.AnnotationConfigEmbeddedWebApplicationContext - Closing org.springframework.boot.context.embedded.AnnotationConfigEmbeddedWebApplicationContext@47eaca72: startup date [Mon Nov 20 16:21:11 CST 2017]; root of context hierarchy
2017-11-20 16:22:56.525 [Thread-12] INFO  o.s.jmx.export.annotation.AnnotationMBeanExporter - Unregistering JMX-exposed beans on shutdown
2017-11-20 16:22:56.525 [Thread-12] INFO  o.s.jmx.export.annotation.AnnotationMBeanExporter - Unregistering JMX-exposed beans
2017-11-20 16:23:48.017 [main] INFO  com.mars.BootWebApplication - Starting BootWebApplication on mars-work.local with PID 4433 (/Users/mars/Documents/workspace/multi-spring-boot/boot-web/target/classes started by mars in /Users/mars/Documents/workspace/multi-spring-boot)
2017-11-20 16:23:48.020 [main] INFO  com.mars.BootWebApplication - No active profile set, falling back to default profiles: default
2017-11-20 16:23:48.089 [main] INFO  o.s.b.c.e.AnnotationConfigEmbeddedWebApplicationContext - Refreshing org.springframework.boot.context.embedded.AnnotationConfigEmbeddedWebApplicationContext@55141def: startup date [Mon Nov 20 16:23:48 CST 2017]; root of context hierarchy
2017-11-20 16:23:48.249 [background-preinit] INFO  org.hibernate.validator.internal.util.Version - HV000001: Hibernate Validator 5.3.5.Final
2017-11-20 16:23:49.810 [main] INFO  o.s.b.c.e.tomcat.TomcatEmbeddedServletContainer - Tomcat initialized with port(s): 8080 (http)
2017-11-20 16:23:49.822 [main] INFO  org.apache.catalina.core.StandardService - Starting service [Tomcat]
2017-11-20 16:23:49.822 [main] INFO  org.apache.catalina.core.StandardEngine - Starting Servlet Engine: Apache Tomcat/8.5.23
2017-11-20 16:23:49.905 [localhost-startStop-1] INFO  o.a.c.core.ContainerBase.[Tomcat].[localhost].[/] - Initializing Spring embedded WebApplicationContext
2017-11-20 16:23:49.905 [localhost-startStop-1] INFO  org.springframework.web.context.ContextLoader - Root WebApplicationContext: initialization completed in 1816 ms
2017-11-20 16:23:50.060 [localhost-startStop-1] INFO  o.s.boot.web.servlet.ServletRegistrationBean - Mapping servlet: 'dispatcherServlet' to [/]
2017-11-20 16:23:50.064 [localhost-startStop-1] INFO  o.s.boot.web.servlet.FilterRegistrationBean - Mapping filter: 'characterEncodingFilter' to: [/*]
2017-11-20 16:23:50.064 [localhost-startStop-1] INFO  o.s.boot.web.servlet.FilterRegistrationBean - Mapping filter: 'hiddenHttpMethodFilter' to: [/*]
2017-11-20 16:23:50.064 [localhost-startStop-1] INFO  o.s.boot.web.servlet.FilterRegistrationBean - Mapping filter: 'httpPutFormContentFilter' to: [/*]
2017-11-20 16:23:50.064 [localhost-startStop-1] INFO  o.s.boot.web.servlet.FilterRegistrationBean - Mapping filter: 'requestContextFilter' to: [/*]
2017-11-20 16:23:50.564 [main] INFO  o.s.w.s.m.m.a.RequestMappingHandlerAdapter - Looking for @ControllerAdvice: org.springframework.boot.context.embedded.AnnotationConfigEmbeddedWebApplicationContext@55141def: startup date [Mon Nov 20 16:23:48 CST 2017]; root of context hierarchy
2017-11-20 16:23:50.611 [main] INFO  o.s.w.s.m.m.a.RequestMappingHandlerMapping - Mapped "{[/hello/say],methods=[GET]}" onto public java.lang.String com.mars.controller.HelloController.say(javax.servlet.http.HttpServletRequest) throws java.io.IOException
2017-11-20 16:23:50.612 [main] INFO  o.s.w.s.m.m.a.RequestMappingHandlerMapping - Mapped "{[/api/user],methods=[GET]}" onto public com.mars.model.User com.mars.controller.UserRestController.findByName(java.lang.String)
2017-11-20 16:23:50.615 [main] INFO  o.s.w.s.m.m.a.RequestMappingHandlerMapping - Mapped "{[/error]}" onto public org.springframework.http.ResponseEntity<java.util.Map<java.lang.String, java.lang.Object>> org.springframework.boot.autoconfigure.web.BasicErrorController.error(javax.servlet.http.HttpServletRequest)
2017-11-20 16:23:50.615 [main] INFO  o.s.w.s.m.m.a.RequestMappingHandlerMapping - Mapped "{[/error],produces=[text/html]}" onto public org.springframework.web.servlet.ModelAndView org.springframework.boot.autoconfigure.web.BasicErrorController.errorHtml(javax.servlet.http.HttpServletRequest,javax.servlet.http.HttpServletResponse)
2017-11-20 16:23:50.638 [main] INFO  o.s.web.servlet.handler.SimpleUrlHandlerMapping - Mapped URL path [/webjars/**] onto handler of type [class org.springframework.web.servlet.resource.ResourceHttpRequestHandler]
2017-11-20 16:23:50.638 [main] INFO  o.s.web.servlet.handler.SimpleUrlHandlerMapping - Mapped URL path [/**] onto handler of type [class org.springframework.web.servlet.resource.ResourceHttpRequestHandler]
2017-11-20 16:23:50.669 [main] INFO  o.s.web.servlet.handler.SimpleUrlHandlerMapping - Mapped URL path [/**/favicon.ico] onto handler of type [class org.springframework.web.servlet.resource.ResourceHttpRequestHandler]
2017-11-20 16:23:50.978 [main] INFO  o.s.jmx.export.annotation.AnnotationMBeanExporter - Registering beans for JMX exposure on startup
2017-11-20 16:23:50.979 [main] INFO  o.s.jmx.export.annotation.AnnotationMBeanExporter - Bean with name 'clusterDataSource' has been autodetected for JMX exposure
2017-11-20 16:23:50.979 [main] INFO  o.s.jmx.export.annotation.AnnotationMBeanExporter - Bean with name 'masterDataSource' has been autodetected for JMX exposure
2017-11-20 16:23:50.984 [main] INFO  o.s.jmx.export.annotation.AnnotationMBeanExporter - Located MBean 'masterDataSource': registering with JMX server as MBean [com.alibaba.druid.pool:name=masterDataSource,type=DruidDataSource]
2017-11-20 16:23:50.986 [main] INFO  o.s.jmx.export.annotation.AnnotationMBeanExporter - Located MBean 'clusterDataSource': registering with JMX server as MBean [com.alibaba.druid.pool:name=clusterDataSource,type=DruidDataSource]
2017-11-20 16:23:50.999 [main] INFO  org.apache.coyote.http11.Http11NioProtocol - Initializing ProtocolHandler ["http-nio-8080"]
2017-11-20 16:23:51.007 [main] INFO  org.apache.coyote.http11.Http11NioProtocol - Starting ProtocolHandler ["http-nio-8080"]
2017-11-20 16:23:51.027 [main] INFO  org.apache.tomcat.util.net.NioSelectorPool - Using a shared selector for servlet write/read
2017-11-20 16:23:51.040 [main] INFO  o.s.b.c.e.tomcat.TomcatEmbeddedServletContainer - Tomcat started on port(s): 8080 (http)
2017-11-20 16:23:51.046 [main] INFO  com.mars.BootWebApplication - Started BootWebApplication in 3.503 seconds (JVM running for 4.305)
2017-11-20 16:23:52.649 [http-nio-8080-exec-1] INFO  o.a.c.core.ContainerBase.[Tomcat].[localhost].[/] - Initializing Spring FrameworkServlet 'dispatcherServlet'
2017-11-20 16:23:52.649 [http-nio-8080-exec-1] INFO  org.springframework.web.servlet.DispatcherServlet - FrameworkServlet 'dispatcherServlet': initialization started
2017-11-20 16:23:52.664 [http-nio-8080-exec-1] INFO  org.springframework.web.servlet.DispatcherServlet - FrameworkServlet 'dispatcherServlet': initialization completed in 15 ms
2017-11-20 16:23:52.682 [http-nio-8080-exec-1] INFO  com.mars.controller.HelloController - com.mars.model.Girl@35c198e1
2017-11-20 16:25:20.864 [Thread-12] INFO  o.s.b.c.e.AnnotationConfigEmbeddedWebApplicationContext - Closing org.springframework.boot.context.embedded.AnnotationConfigEmbeddedWebApplicationContext@55141def: startup date [Mon Nov 20 16:23:48 CST 2017]; root of context hierarchy
2017-11-20 16:25:20.867 [Thread-12] INFO  o.s.jmx.export.annotation.AnnotationMBeanExporter - Unregistering JMX-exposed beans on shutdown
2017-11-20 16:25:20.867 [Thread-12] INFO  o.s.jmx.export.annotation.AnnotationMBeanExporter - Unregistering JMX-exposed beans
2017-11-20 16:25:24.143 [main] INFO  com.mars.BootWebApplication - Starting BootWebApplication on mars-work.local with PID 4441 (/Users/mars/Documents/workspace/multi-spring-boot/boot-web/target/classes started by mars in /Users/mars/Documents/workspace/multi-spring-boot)
2017-11-20 16:25:24.147 [main] INFO  com.mars.BootWebApplication - No active profile set, falling back to default profiles: default
2017-11-20 16:25:24.231 [main] INFO  o.s.b.c.e.AnnotationConfigEmbeddedWebApplicationContext - Refreshing org.springframework.boot.context.embedded.AnnotationConfigEmbeddedWebApplicationContext@4802796d: startup date [Mon Nov 20 16:25:24 CST 2017]; root of context hierarchy
2017-11-20 16:25:24.368 [background-preinit] INFO  org.hibernate.validator.internal.util.Version - HV000001: Hibernate Validator 5.3.5.Final
2017-11-20 16:25:25.685 [main] INFO  o.s.b.c.e.tomcat.TomcatEmbeddedServletContainer - Tomcat initialized with port(s): 8080 (http)
2017-11-20 16:25:25.696 [main] INFO  org.apache.catalina.core.StandardService - Starting service [Tomcat]
2017-11-20 16:25:25.697 [main] INFO  org.apache.catalina.core.StandardEngine - Starting Servlet Engine: Apache Tomcat/8.5.23
2017-11-20 16:25:25.764 [localhost-startStop-1] INFO  o.a.c.core.ContainerBase.[Tomcat].[localhost].[/] - Initializing Spring embedded WebApplicationContext
2017-11-20 16:25:25.764 [localhost-startStop-1] INFO  org.springframework.web.context.ContextLoader - Root WebApplicationContext: initialization completed in 1533 ms
2017-11-20 16:25:25.880 [localhost-startStop-1] INFO  o.s.boot.web.servlet.ServletRegistrationBean - Mapping servlet: 'dispatcherServlet' to [/]
2017-11-20 16:25:25.897 [localhost-startStop-1] INFO  o.s.boot.web.servlet.FilterRegistrationBean - Mapping filter: 'characterEncodingFilter' to: [/*]
2017-11-20 16:25:25.897 [localhost-startStop-1] INFO  o.s.boot.web.servlet.FilterRegistrationBean - Mapping filter: 'hiddenHttpMethodFilter' to: [/*]
2017-11-20 16:25:25.898 [localhost-startStop-1] INFO  o.s.boot.web.servlet.FilterRegistrationBean - Mapping filter: 'httpPutFormContentFilter' to: [/*]
2017-11-20 16:25:25.898 [localhost-startStop-1] INFO  o.s.boot.web.servlet.FilterRegistrationBean - Mapping filter: 'requestContextFilter' to: [/*]
2017-11-20 16:25:26.394 [main] INFO  o.s.w.s.m.m.a.RequestMappingHandlerAdapter - Looking for @ControllerAdvice: org.springframework.boot.context.embedded.AnnotationConfigEmbeddedWebApplicationContext@4802796d: startup date [Mon Nov 20 16:25:24 CST 2017]; root of context hierarchy
2017-11-20 16:25:26.445 [main] INFO  o.s.w.s.m.m.a.RequestMappingHandlerMapping - Mapped "{[/hello/say],methods=[GET]}" onto public java.lang.String com.mars.controller.HelloController.say(javax.servlet.http.HttpServletRequest) throws java.io.IOException
2017-11-20 16:25:26.446 [main] INFO  o.s.w.s.m.m.a.RequestMappingHandlerMapping - Mapped "{[/api/user],methods=[GET]}" onto public com.mars.model.User com.mars.controller.UserRestController.findByName(java.lang.String)
2017-11-20 16:25:26.448 [main] INFO  o.s.w.s.m.m.a.RequestMappingHandlerMapping - Mapped "{[/error]}" onto public org.springframework.http.ResponseEntity<java.util.Map<java.lang.String, java.lang.Object>> org.springframework.boot.autoconfigure.web.BasicErrorController.error(javax.servlet.http.HttpServletRequest)
2017-11-20 16:25:26.449 [main] INFO  o.s.w.s.m.m.a.RequestMappingHandlerMapping - Mapped "{[/error],produces=[text/html]}" onto public org.springframework.web.servlet.ModelAndView org.springframework.boot.autoconfigure.web.BasicErrorController.errorHtml(javax.servlet.http.HttpServletRequest,javax.servlet.http.HttpServletResponse)
2017-11-20 16:25:26.471 [main] INFO  o.s.web.servlet.handler.SimpleUrlHandlerMapping - Mapped URL path [/webjars/**] onto handler of type [class org.springframework.web.servlet.resource.ResourceHttpRequestHandler]
2017-11-20 16:25:26.471 [main] INFO  o.s.web.servlet.handler.SimpleUrlHandlerMapping - Mapped URL path [/**] onto handler of type [class org.springframework.web.servlet.resource.ResourceHttpRequestHandler]
2017-11-20 16:25:26.502 [main] INFO  o.s.web.servlet.handler.SimpleUrlHandlerMapping - Mapped URL path [/**/favicon.ico] onto handler of type [class org.springframework.web.servlet.resource.ResourceHttpRequestHandler]
2017-11-20 16:25:26.784 [main] INFO  o.s.jmx.export.annotation.AnnotationMBeanExporter - Registering beans for JMX exposure on startup
2017-11-20 16:25:26.785 [main] INFO  o.s.jmx.export.annotation.AnnotationMBeanExporter - Bean with name 'clusterDataSource' has been autodetected for JMX exposure
2017-11-20 16:25:26.785 [main] INFO  o.s.jmx.export.annotation.AnnotationMBeanExporter - Bean with name 'masterDataSource' has been autodetected for JMX exposure
2017-11-20 16:25:26.790 [main] INFO  o.s.jmx.export.annotation.AnnotationMBeanExporter - Located MBean 'masterDataSource': registering with JMX server as MBean [com.alibaba.druid.pool:name=masterDataSource,type=DruidDataSource]
2017-11-20 16:25:26.791 [main] INFO  o.s.jmx.export.annotation.AnnotationMBeanExporter - Located MBean 'clusterDataSource': registering with JMX server as MBean [com.alibaba.druid.pool:name=clusterDataSource,type=DruidDataSource]
2017-11-20 16:25:26.801 [main] INFO  org.apache.coyote.http11.Http11NioProtocol - Initializing ProtocolHandler ["http-nio-8080"]
2017-11-20 16:25:26.810 [main] INFO  org.apache.coyote.http11.Http11NioProtocol - Starting ProtocolHandler ["http-nio-8080"]
2017-11-20 16:25:26.836 [main] INFO  org.apache.tomcat.util.net.NioSelectorPool - Using a shared selector for servlet write/read
2017-11-20 16:25:26.849 [main] INFO  o.s.b.c.e.tomcat.TomcatEmbeddedServletContainer - Tomcat started on port(s): 8080 (http)
2017-11-20 16:25:26.854 [main] INFO  com.mars.BootWebApplication - Started BootWebApplication in 3.221 seconds (JVM running for 4.027)
2017-11-20 16:25:35.804 [Thread-11] INFO  o.s.b.c.e.AnnotationConfigEmbeddedWebApplicationContext - Closing org.springframework.boot.context.embedded.AnnotationConfigEmbeddedWebApplicationContext@4802796d: startup date [Mon Nov 20 16:25:24 CST 2017]; root of context hierarchy
2017-11-20 16:25:35.806 [Thread-11] INFO  o.s.jmx.export.annotation.AnnotationMBeanExporter - Unregistering JMX-exposed beans on shutdown
2017-11-20 16:25:35.806 [Thread-11] INFO  o.s.jmx.export.annotation.AnnotationMBeanExporter - Unregistering JMX-exposed beans
2017-11-20 16:25:37.959 [main] INFO  com.mars.BootWebApplication - Starting BootWebApplication on mars-work.local with PID 4446 (/Users/mars/Documents/workspace/multi-spring-boot/boot-web/target/classes started by mars in /Users/mars/Documents/workspace/multi-spring-boot)
2017-11-20 16:25:37.962 [main] INFO  com.mars.BootWebApplication - No active profile set, falling back to default profiles: default
2017-11-20 16:25:38.022 [main] INFO  o.s.b.c.e.AnnotationConfigEmbeddedWebApplicationContext - Refreshing org.springframework.boot.context.embedded.AnnotationConfigEmbeddedWebApplicationContext@7b98f307: startup date [Mon Nov 20 16:25:38 CST 2017]; root of context hierarchy
2017-11-20 16:25:38.278 [background-preinit] INFO  org.hibernate.validator.internal.util.Version - HV000001: Hibernate Validator 5.3.5.Final
2017-11-20 16:25:39.673 [main] INFO  o.s.b.c.e.tomcat.TomcatEmbeddedServletContainer - Tomcat initialized with port(s): 8080 (http)
2017-11-20 16:25:39.686 [main] INFO  org.apache.catalina.core.StandardService - Starting service [Tomcat]
2017-11-20 16:25:39.687 [main] INFO  org.apache.catalina.core.StandardEngine - Starting Servlet Engine: Apache Tomcat/8.5.23
2017-11-20 16:25:39.757 [localhost-startStop-1] INFO  o.a.c.core.ContainerBase.[Tomcat].[localhost].[/] - Initializing Spring embedded WebApplicationContext
2017-11-20 16:25:39.757 [localhost-startStop-1] INFO  org.springframework.web.context.ContextLoader - Root WebApplicationContext: initialization completed in 1736 ms
2017-11-20 16:25:39.910 [localhost-startStop-1] INFO  o.s.boot.web.servlet.ServletRegistrationBean - Mapping servlet: 'dispatcherServlet' to [/]
2017-11-20 16:25:39.915 [localhost-startStop-1] INFO  o.s.boot.web.servlet.FilterRegistrationBean - Mapping filter: 'characterEncodingFilter' to: [/*]
2017-11-20 16:25:39.917 [localhost-startStop-1] INFO  o.s.boot.web.servlet.FilterRegistrationBean - Mapping filter: 'hiddenHttpMethodFilter' to: [/*]
2017-11-20 16:25:39.917 [localhost-startStop-1] INFO  o.s.boot.web.servlet.FilterRegistrationBean - Mapping filter: 'httpPutFormContentFilter' to: [/*]
2017-11-20 16:25:39.918 [localhost-startStop-1] INFO  o.s.boot.web.servlet.FilterRegistrationBean - Mapping filter: 'requestContextFilter' to: [/*]
2017-11-20 16:25:40.421 [main] INFO  o.s.w.s.m.m.a.RequestMappingHandlerAdapter - Looking for @ControllerAdvice: org.springframework.boot.context.embedded.AnnotationConfigEmbeddedWebApplicationContext@7b98f307: startup date [Mon Nov 20 16:25:38 CST 2017]; root of context hierarchy
2017-11-20 16:25:40.466 [main] INFO  o.s.w.s.m.m.a.RequestMappingHandlerMapping - Mapped "{[/hello/say],methods=[GET]}" onto public java.lang.String com.mars.controller.HelloController.say(javax.servlet.http.HttpServletRequest) throws java.io.IOException
2017-11-20 16:25:40.467 [main] INFO  o.s.w.s.m.m.a.RequestMappingHandlerMapping - Mapped "{[/api/user],methods=[GET]}" onto public com.mars.model.User com.mars.controller.UserRestController.findByName(java.lang.String)
2017-11-20 16:25:40.469 [main] INFO  o.s.w.s.m.m.a.RequestMappingHandlerMapping - Mapped "{[/error]}" onto public org.springframework.http.ResponseEntity<java.util.Map<java.lang.String, java.lang.Object>> org.springframework.boot.autoconfigure.web.BasicErrorController.error(javax.servlet.http.HttpServletRequest)
2017-11-20 16:25:40.469 [main] INFO  o.s.w.s.m.m.a.RequestMappingHandlerMapping - Mapped "{[/error],produces=[text/html]}" onto public org.springframework.web.servlet.ModelAndView org.springframework.boot.autoconfigure.web.BasicErrorController.errorHtml(javax.servlet.http.HttpServletRequest,javax.servlet.http.HttpServletResponse)
2017-11-20 16:25:40.491 [main] INFO  o.s.web.servlet.handler.SimpleUrlHandlerMapping - Mapped URL path [/webjars/**] onto handler of type [class org.springframework.web.servlet.resource.ResourceHttpRequestHandler]
2017-11-20 16:25:40.491 [main] INFO  o.s.web.servlet.handler.SimpleUrlHandlerMapping - Mapped URL path [/**] onto handler of type [class org.springframework.web.servlet.resource.ResourceHttpRequestHandler]
2017-11-20 16:25:40.524 [main] INFO  o.s.web.servlet.handler.SimpleUrlHandlerMapping - Mapped URL path [/**/favicon.ico] onto handler of type [class org.springframework.web.servlet.resource.ResourceHttpRequestHandler]
2017-11-20 16:25:40.814 [main] INFO  o.s.jmx.export.annotation.AnnotationMBeanExporter - Registering beans for JMX exposure on startup
2017-11-20 16:25:40.815 [main] INFO  o.s.jmx.export.annotation.AnnotationMBeanExporter - Bean with name 'clusterDataSource' has been autodetected for JMX exposure
2017-11-20 16:25:40.815 [main] INFO  o.s.jmx.export.annotation.AnnotationMBeanExporter - Bean with name 'masterDataSource' has been autodetected for JMX exposure
2017-11-20 16:25:40.820 [main] INFO  o.s.jmx.export.annotation.AnnotationMBeanExporter - Located MBean 'masterDataSource': registering with JMX server as MBean [com.alibaba.druid.pool:name=masterDataSource,type=DruidDataSource]
2017-11-20 16:25:40.821 [main] INFO  o.s.jmx.export.annotation.AnnotationMBeanExporter - Located MBean 'clusterDataSource': registering with JMX server as MBean [com.alibaba.druid.pool:name=clusterDataSource,type=DruidDataSource]
2017-11-20 16:25:40.831 [main] INFO  org.apache.coyote.http11.Http11NioProtocol - Initializing ProtocolHandler ["http-nio-8080"]
2017-11-20 16:25:40.838 [main] INFO  org.apache.coyote.http11.Http11NioProtocol - Starting ProtocolHandler ["http-nio-8080"]
2017-11-20 16:25:40.859 [main] INFO  org.apache.tomcat.util.net.NioSelectorPool - Using a shared selector for servlet write/read
2017-11-20 16:25:40.870 [main] INFO  o.s.b.c.e.tomcat.TomcatEmbeddedServletContainer - Tomcat started on port(s): 8080 (http)
2017-11-20 16:25:40.875 [main] INFO  com.mars.BootWebApplication - Started BootWebApplication in 3.298 seconds (JVM running for 3.98)
